----------------------------------------------------------------
Mon Jul 09 11:27:33 CEST 2018:
Booting Derby version The Apache Software Foundation - Apache Derby - 10.14.1.0 - (1808820): instance a816c00e-0164-7e5e-160c-00000cf8b9b0 
on database directory C:\git\squad_agenda\user_service\work\derbystore\default\default with class loader sun.misc.Launcher$AppClassLoader@18b4aac2 
Loaded from file:/C:/Users/klby/.m2/repository/org/apache/derby/derby/10.14.1.0/derby-10.14.1.0.jar
java.vendor=Oracle Corporation
java.runtime.version=1.8.0_171-b11
user.dir=C:\git\squad_agenda\user_service
os.name=Windows 10
os.arch=amd64
os.version=10.0
derby.system.home=null
Database Class Loader started - derby.database.classpath=''
----------------------------------------------------------------
Mon Jul 09 11:28:00 CEST 2018:
Shutting down instance a816c00e-0164-7e5e-160c-00000cf8b9b0 on database directory C:\git\squad_agenda\user_service\work\derbystore\default\default with class loader sun.misc.Launcher$AppClassLoader@18b4aac2 
----------------------------------------------------------------
Mon Jul 09 11:28:01 CEST 2018:
Booting Derby version The Apache Software Foundation - Apache Derby - 10.14.1.0 - (1808820): instance a13ec033-0164-7e5e-160c-00000cf8b9b0 
on database directory C:\git\squad_agenda\user_service\work\derbystore\default\default with class loader sun.misc.Launcher$AppClassLoader@18b4aac2 
Loaded from file:/C:/Users/klby/.m2/repository/org/apache/derby/derby/10.14.1.0/derby-10.14.1.0.jar
java.vendor=Oracle Corporation
java.runtime.version=1.8.0_171-b11
user.dir=C:\git\squad_agenda\user_service
os.name=Windows 10
os.arch=amd64
os.version=10.0
derby.system.home=null
Database Class Loader started - derby.database.classpath=''
----------------------------------------------------------------
Mon Jul 09 11:28:02 CEST 2018:
Shutting down instance a13ec033-0164-7e5e-160c-00000cf8b9b0 on database directory C:\git\squad_agenda\user_service\work\derbystore\default\default with class loader sun.misc.Launcher$AppClassLoader@18b4aac2 
----------------------------------------------------------------
Mon Jul 09 11:28:03 CEST 2018:
Booting Derby version The Apache Software Foundation - Apache Derby - 10.14.1.0 - (1808820): instance bbbd0058-0164-7e5e-160c-00000cf8b9b0 
on database directory C:\git\squad_agenda\user_service\work\derbystore\default\default with class loader sun.misc.Launcher$AppClassLoader@18b4aac2 
Loaded from file:/C:/Users/klby/.m2/repository/org/apache/derby/derby/10.14.1.0/derby-10.14.1.0.jar
java.vendor=Oracle Corporation
java.runtime.version=1.8.0_171-b11
user.dir=C:\git\squad_agenda\user_service
os.name=Windows 10
os.arch=amd64
os.version=10.0
derby.system.home=null
Database Class Loader started - derby.database.classpath=''
----------------------------------------------------------------
Mon Jul 09 11:28:13 CEST 2018:
Shutting down instance bbbd0058-0164-7e5e-160c-00000cf8b9b0 on database directory C:\git\squad_agenda\user_service\work\derbystore\default\default with class loader sun.misc.Launcher$AppClassLoader@18b4aac2 
